<?xml version="1.0" encoding="UTF-8"?>
<!-- Generated by org.testng.reporters.JUnitReportReporter -->
<testsuite hostname="DESKTOP-DIG940R" failures="0" tests="1" name="TestNGImp.Testcase2" time="18.946" errors="0" timestamp="2022-11-03T12:13:15 IST" skipped="0">
  <testcase classname="TestNGImp.Testcase2" name="tc2" time="18.946"/>
  <system-out/>
</testsuite> <!-- TestNGImp.Testcase2 -->
